<?xml version="1.0" encoding="UTF-8"?>
<!-- Generated by org.testng.reporters.JUnitReportReporter -->
<testsuite skipped="0" hostname="Hamzas-MacBook-Pro.local" name="com.qa.hubspot.test.ContactsPageTest" tests="4" failures="0" timestamp="2020-09-03T22:52:15 CDT" time="107.919" errors="0">
  <testcase name="verifyContactsPageTitle" time="21.900" classname="com.qa.hubspot.test.ContactsPageTest"/>
  <system-out/>
  <testcase name="createContactsTest" time="32.377" classname="com.qa.hubspot.test.ContactsPageTest"/>
  <system-out/>
  <testcase name="createContactsTest" time="27.168" classname="com.qa.hubspot.test.ContactsPageTest"/>
  <system-out/>
  <testcase name="createContactsTest" time="26.474" classname="com.qa.hubspot.test.ContactsPageTest"/>
  <system-out/>
</testsuite> <!-- com.qa.hubspot.test.ContactsPageTest -->
